[2024-03-12 23:33:43,664] root:INFO: ------------------
[2024-03-12 23:33:43,722] root:INFO: 
[2024-03-12 23:33:43,722] root:ERROR: Generating RSA private key, 2048 bit long modulus (2 primes)
..................................................+++++
.......................................................+++++
e is 65537 (0x010001)

[2024-03-12 23:33:43,738] root:INFO: Certificate:
    Data:
        Version: 3 (0x2)
        Serial Number: 1 (0x1)
        Signature Algorithm: sha256WithRSAEncryption
        Issuer: C=CN, ST=Hubei, O=CC-ETH-CrossChain, OU=supervisor, CN=http://127.0.0.1:5001
        Validity
            Not Before: Mar 12 15:33:43 2024 GMT
            Not After : Mar 12 15:33:43 2025 GMT
        Subject: C=CN, ST=Hubei, O=CC-ETH-CrossChain, OU=supervisor, CN=http://127.0.0.1:5001
        Subject Public Key Info:
            Public Key Algorithm: rsaEncryption
                RSA Public-Key: (2048 bit)
                Modulus:
                    00:c3:24:0d:1a:6f:f7:ad:fb:c7:e5:63:0d:31:74:
                    b2:b6:2a:8e:d8:1c:f3:fe:5b:6d:4f:77:6a:ec:d9:
                    0a:eb:02:4e:6e:99:c2:a1:21:e9:8f:10:4d:93:75:
                    49:e7:72:e1:0f:a4:d5:84:9e:77:98:7f:cc:12:ef:
                    ef:81:cc:7c:31:9b:0c:56:e2:60:43:9e:74:a0:99:
                    ef:40:3d:7b:fe:e0:64:88:b0:cb:62:fe:11:ad:d0:
                    e2:1d:ad:3d:47:55:37:9a:ce:c0:78:93:d4:fa:7b:
                    a2:5d:bc:c1:a9:b2:72:73:e6:3a:9a:49:64:78:c5:
                    a1:d3:77:5e:21:b6:1b:f4:69:99:f0:79:40:3a:59:
                    cd:c5:32:da:02:a7:d8:14:c0:53:b4:d6:cf:93:f8:
                    94:b8:db:44:21:0c:03:f1:c7:79:03:aa:d9:31:4d:
                    31:d0:63:f3:45:d5:4e:cd:92:10:4c:6f:74:f1:eb:
                    ea:91:87:ae:33:fa:19:66:92:a8:69:1f:7d:b7:1a:
                    7d:0d:90:32:0b:29:34:67:77:83:98:b1:ff:4a:9e:
                    59:f6:c6:32:95:34:f6:1f:9f:98:05:bc:5f:0c:af:
                    f1:21:41:47:50:14:85:25:a3:1a:3b:4a:40:cb:cb:
                    89:98:51:e0:df:07:ef:15:a7:aa:4f:8f:90:3d:b5:
                    c9:73
                Exponent: 65537 (0x10001)
        X509v3 extensions:
            X509v3 Basic Constraints: 
                CA:FALSE
            Netscape Comment: 
                OpenSSL Generated Certificate
            X509v3 Subject Key Identifier: 
                3C:6E:2A:C8:C7:8A:3B:93:1E:89:17:58:3F:D7:09:E0:A4:40:6F:FF
            X509v3 Authority Key Identifier: 
                keyid:3C:6E:2A:C8:C7:8A:3B:93:1E:89:17:58:3F:D7:09:E0:A4:40:6F:FF

    Signature Algorithm: sha256WithRSAEncryption
         6e:17:01:ef:29:2d:d5:bf:5a:d8:3c:c2:57:07:66:40:ba:b2:
         ae:ee:3c:6c:22:d3:ad:07:ba:24:c0:be:d0:96:2a:f6:8a:9c:
         b8:5e:6a:2a:a2:26:1b:d8:3c:ad:42:18:ec:08:3c:06:ab:54:
         f6:f8:f1:cd:eb:f4:cf:ca:11:3f:b9:9d:da:ce:82:fb:d1:19:
         fb:ec:0d:40:bc:2f:5f:51:c8:79:da:2b:eb:7a:4c:cd:89:bd:
         cd:d4:80:50:e6:26:70:81:08:a8:eb:1a:e6:5e:22:18:da:5f:
         9b:76:e4:45:7c:4f:33:a2:38:2f:97:8e:e6:8e:32:f8:2e:46:
         57:d4:38:24:48:05:b0:f3:39:66:69:bf:ea:49:e3:0b:59:6e:
         5d:ed:e7:76:53:c2:63:82:4e:78:eb:08:1b:c5:8f:c5:30:92:
         53:20:4d:c2:e7:a1:11:69:9a:85:10:05:e3:51:51:1d:a3:ae:
         25:95:10:1b:52:cd:fd:f4:87:eb:dd:d6:a3:1c:3c:fa:f2:09:
         ff:c6:ca:50:ae:05:08:06:25:91:49:f0:db:3e:f4:2a:d6:52:
         a7:58:3e:c6:e2:2a:fa:52:6c:4e:30:b6:54:31:d2:e3:78:b1:
         a9:e4:33:c5:87:06:30:19:19:b9:87:92:d0:06:4f:6a:c5:d9:
         dc:6c:25:01
-----BEGIN CERTIFICATE-----
MIID0jCCArqgAwIBAgIBATANBgkqhkiG9w0BAQsFADBuMQswCQYDVQQGEwJDTjEO
MAwGA1UECAwFSHViZWkxGjAYBgNVBAoMEUNDLUVUSC1Dcm9zc0NoYWluMRMwEQYD
VQQLDApzdXBlcnZpc29yMR4wHAYDVQQDDBVodHRwOi8vMTI3LjAuMC4xOjUwMDEw
HhcNMjQwMzEyMTUzMzQzWhcNMjUwMzEyMTUzMzQzWjBuMQswCQYDVQQGEwJDTjEO
MAwGA1UECAwFSHViZWkxGjAYBgNVBAoMEUNDLUVUSC1Dcm9zc0NoYWluMRMwEQYD
VQQLDApzdXBlcnZpc29yMR4wHAYDVQQDDBVodHRwOi8vMTI3LjAuMC4xOjUwMDEw
ggEiMA0GCSqGSIb3DQEBAQUAA4IBDwAwggEKAoIBAQDDJA0ab/et+8flYw0xdLK2
Ko7YHPP+W21Pd2rs2QrrAk5umcKhIemPEE2TdUnncuEPpNWEnneYf8wS7++BzHwx
mwxW4mBDnnSgme9APXv+4GSIsMti/hGt0OIdrT1HVTeazsB4k9T6e6JdvMGpsnJz
5jqaSWR4xaHTd14hthv0aZnweUA6Wc3FMtoCp9gUwFO01s+T+JS420QhDAPxx3kD
qtkxTTHQY/NF1U7NkhBMb3Tx6+qRh64z+hlmkqhpH323Gn0NkDILKTRnd4OYsf9K
nln2xjKVNPYfn5gFvF8Mr/EhQUdQFIUloxo7SkDLy4mYUeDfB+8Vp6pPj5A9tclz
AgMBAAGjezB5MAkGA1UdEwQCMAAwLAYJYIZIAYb4QgENBB8WHU9wZW5TU0wgR2Vu
ZXJhdGVkIENlcnRpZmljYXRlMB0GA1UdDgQWBBQ8birIx4o7kx6JF1g/1wngpEBv
/zAfBgNVHSMEGDAWgBQ8birIx4o7kx6JF1g/1wngpEBv/zANBgkqhkiG9w0BAQsF
AAOCAQEAbhcB7ykt1b9a2DzCVwdmQLqyru48bCLTrQe6JMC+0JYq9oqcuF5qKqIm
G9g8rUIY7Ag8BqtU9vjxzev0z8oRP7md2s6C+9EZ++wNQLwvX1HIedor63pMzYm9
zdSAUOYmcIEIqOsa5l4iGNpfm3bkRXxPM6I4L5eO5o4y+C5GV9Q4JEgFsPM5Zmm/
6knjC1luXe3ndlPCY4JOeOsIG8WPxTCSUyBNwuehEWmahRAF41FRHaOuJZUQG1LN
/fSH693Woxw8+vIJ/8bKUK4FCAYlkUnw2z70KtZSp1g+xuIq+lJsTjC2VDHS43ix
qeQzxYcGMBkZuYeS0AZPasXZ3GwlAQ==
-----END CERTIFICATE-----

[2024-03-12 23:33:43,738] root:ERROR: Using configuration from openssl.cnf
Check that the request matches the signature
Signature ok
Certificate Details:
        Serial Number: 1 (0x1)
        Validity
            Not Before: Mar 12 15:33:43 2024 GMT
            Not After : Mar 12 15:33:43 2025 GMT
        Subject:
            countryName               = CN
            stateOrProvinceName       = Hubei
            organizationName          = CC-ETH-CrossChain
            organizationalUnitName    = supervisor
            commonName                = http://127.0.0.1:5001
        X509v3 extensions:
            X509v3 Basic Constraints: 
                CA:FALSE
            Netscape Comment: 
                OpenSSL Generated Certificate
            X509v3 Subject Key Identifier: 
                3C:6E:2A:C8:C7:8A:3B:93:1E:89:17:58:3F:D7:09:E0:A4:40:6F:FF
            X509v3 Authority Key Identifier: 
                keyid:3C:6E:2A:C8:C7:8A:3B:93:1E:89:17:58:3F:D7:09:E0:A4:40:6F:FF

Certificate is to be certified until Mar 12 15:33:43 2025 GMT (365 days)

Write out database with 1 new entries
Data Base Updated

[2024-03-12 23:33:43,747] waitress:INFO: Serving on http://127.0.0.1:5001
[2024-03-12 23:33:49,907] urllib3.connectionpool:DEBUG: Starting new HTTP connection (1): 127.0.0.1:6001
[2024-03-12 23:33:49,920] urllib3.connectionpool:DEBUG: http://127.0.0.1:6001 "GET /basic_info HTTP/1.1" 200 92
[2024-03-12 23:33:49,931] root:INFO: Certificate:
    Data:
        Version: 3 (0x2)
        Serial Number: 2 (0x2)
        Signature Algorithm: sha256WithRSAEncryption
        Issuer: C=CN, ST=Hubei, O=CC-ETH-CrossChain, OU=supervisor, CN=http://127.0.0.1:5001
        Validity
            Not Before: Mar 12 15:33:49 2024 GMT
            Not After : Mar 12 15:33:49 2025 GMT
        Subject: C=CN, ST=Hubei, O=CC-ETH-CrossChain, OU=relayer, CN=http://127.0.0.1:6001
        Subject Public Key Info:
            Public Key Algorithm: rsaEncryption
                RSA Public-Key: (2048 bit)
                Modulus:
                    00:c3:bf:d2:e3:da:0a:26:88:a4:6d:b2:27:66:0f:
                    78:db:15:49:57:a0:5a:12:dd:6b:99:8d:06:f9:96:
                    99:2d:4f:29:c0:30:2e:26:e0:d3:84:a4:3c:81:00:
                    3c:d1:74:fc:ba:3d:5c:7c:94:08:1a:26:13:67:f4:
                    c2:2f:7c:4c:11:03:9b:3d:9e:cd:52:03:a0:2f:0b:
                    82:ea:ed:3f:be:41:79:df:3c:cd:de:d6:b2:4b:4b:
                    66:fa:f8:3f:1a:18:4c:98:b6:58:f6:47:cc:b5:1e:
                    8e:df:c7:cc:bb:80:5e:b6:d2:fb:02:f7:53:1b:b4:
                    fe:25:9e:9b:b1:9a:03:4e:a2:20:06:2b:16:e7:1b:
                    0e:71:bc:b0:1b:15:7e:e3:97:7f:bb:2e:9e:07:c0:
                    a6:11:45:4e:a5:d2:d7:64:76:1b:4a:7c:1a:0a:58:
                    d4:78:f2:fc:f5:ef:cf:47:63:b2:80:34:e1:85:bf:
                    90:49:35:de:67:2d:ff:28:3e:72:44:06:8a:be:61:
                    c1:42:8f:a3:f4:cb:06:26:26:70:73:56:cb:3c:bc:
                    5f:06:ae:5c:03:62:f0:d5:29:56:ab:53:d9:fd:f4:
                    c8:31:fd:3c:d6:eb:87:21:89:cc:27:45:c0:9c:00:
                    6f:eb:33:0a:81:db:a0:0a:e4:d7:ab:5e:18:58:17:
                    02:59
                Exponent: 65537 (0x10001)
        X509v3 extensions:
            X509v3 Basic Constraints: 
                CA:FALSE
            Netscape Comment: 
                OpenSSL Generated Certificate
            X509v3 Subject Key Identifier: 
                E5:8D:B1:BF:95:87:47:E0:14:80:63:DB:B4:25:9C:18:F3:48:79:AA
            X509v3 Authority Key Identifier: 
                keyid:3C:6E:2A:C8:C7:8A:3B:93:1E:89:17:58:3F:D7:09:E0:A4:40:6F:FF

    Signature Algorithm: sha256WithRSAEncryption
         b7:a0:19:c4:16:8d:92:e5:3f:43:15:7f:48:c7:8e:d8:94:b4:
         f0:0c:ee:77:7f:d7:40:89:f4:a5:f5:9f:8d:8f:82:79:83:e2:
         22:1d:66:11:84:e9:78:98:40:ac:b6:79:69:6f:a2:38:d9:04:
         6e:db:a7:3c:be:fd:72:0b:b5:c0:1e:5a:07:96:ca:81:9c:9c:
         a7:6b:c9:ea:d0:60:07:b4:01:f8:e6:10:b6:fa:ed:bf:00:d1:
         47:82:6c:23:f0:81:fc:f7:ba:51:bb:c3:75:5a:84:b7:27:d8:
         64:2f:ca:bb:56:5c:e0:ec:15:43:4c:21:e8:c0:a6:d9:13:7c:
         5d:81:01:72:d7:b9:07:6e:75:94:55:67:99:6c:5f:56:1a:7d:
         25:10:01:ef:03:1b:a0:b8:18:03:b4:51:10:11:7c:44:ac:35:
         a2:e7:86:96:62:c9:77:7e:37:57:36:79:c4:97:64:64:6f:10:
         fb:8f:9e:ab:d7:92:39:e2:5f:16:fe:d0:e6:37:26:71:d6:b5:
         da:dc:a1:94:6d:fc:da:11:da:e3:e8:0c:84:eb:d6:c0:27:d3:
         00:86:c2:f7:d4:62:07:ef:8e:b1:d9:f8:af:71:12:5c:87:de:
         a8:53:30:5b:85:89:49:a5:18:83:2f:ca:7a:44:c4:88:6a:c9:
         82:49:21:a5
-----BEGIN CERTIFICATE-----
MIIDzzCCAregAwIBAgIBAjANBgkqhkiG9w0BAQsFADBuMQswCQYDVQQGEwJDTjEO
MAwGA1UECAwFSHViZWkxGjAYBgNVBAoMEUNDLUVUSC1Dcm9zc0NoYWluMRMwEQYD
VQQLDApzdXBlcnZpc29yMR4wHAYDVQQDDBVodHRwOi8vMTI3LjAuMC4xOjUwMDEw
HhcNMjQwMzEyMTUzMzQ5WhcNMjUwMzEyMTUzMzQ5WjBrMQswCQYDVQQGEwJDTjEO
MAwGA1UECAwFSHViZWkxGjAYBgNVBAoMEUNDLUVUSC1Dcm9zc0NoYWluMRAwDgYD
VQQLDAdyZWxheWVyMR4wHAYDVQQDDBVodHRwOi8vMTI3LjAuMC4xOjYwMDEwggEi
MA0GCSqGSIb3DQEBAQUAA4IBDwAwggEKAoIBAQDDv9Lj2gomiKRtsidmD3jbFUlX
oFoS3WuZjQb5lpktTynAMC4m4NOEpDyBADzRdPy6PVx8lAgaJhNn9MIvfEwRA5s9
ns1SA6AvC4Lq7T++QXnfPM3e1rJLS2b6+D8aGEyYtlj2R8y1Ho7fx8y7gF620vsC
91MbtP4lnpuxmgNOoiAGKxbnGw5xvLAbFX7jl3+7Lp4HwKYRRU6l0tdkdhtKfBoK
WNR48vz1789HY7KANOGFv5BJNd5nLf8oPnJEBoq+YcFCj6P0ywYmJnBzVss8vF8G
rlwDYvDVKVarU9n99Mgx/TzW64chicwnRcCcAG/rMwqB26AK5NerXhhYFwJZAgMB
AAGjezB5MAkGA1UdEwQCMAAwLAYJYIZIAYb4QgENBB8WHU9wZW5TU0wgR2VuZXJh
dGVkIENlcnRpZmljYXRlMB0GA1UdDgQWBBTljbG/lYdH4BSAY9u0JZwY80h5qjAf
BgNVHSMEGDAWgBQ8birIx4o7kx6JF1g/1wngpEBv/zANBgkqhkiG9w0BAQsFAAOC
AQEAt6AZxBaNkuU/QxV/SMeO2JS08Azud3/XQIn0pfWfjY+CeYPiIh1mEYTpeJhA
rLZ5aW+iONkEbtunPL79cgu1wB5aB5bKgZycp2vJ6tBgB7QB+OYQtvrtvwDRR4Js
I/CB/Pe6UbvDdVqEtyfYZC/Ku1Zc4OwVQ0wh6MCm2RN8XYEBcte5B251lFVnmWxf
Vhp9JRAB7wMboLgYA7RREBF8RKw1oueGlmLJd343VzZ5xJdkZG8Q+4+eq9eSOeJf
Fv7Q5jcmcda12tyhlG382hHa4+gMhOvWwCfTAIbC99RiB++Osdn4r3ESXIfeqFMw
W4WJSaUYgy/KekTEiGrJgkkhpQ==
-----END CERTIFICATE-----

[2024-03-12 23:33:49,932] root:ERROR: Using configuration from openssl.cnf
Check that the request matches the signature
Signature ok
Certificate Details:
        Serial Number: 2 (0x2)
        Validity
            Not Before: Mar 12 15:33:49 2024 GMT
            Not After : Mar 12 15:33:49 2025 GMT
        Subject:
            countryName               = CN
            stateOrProvinceName       = Hubei
            organizationName          = CC-ETH-CrossChain
            organizationalUnitName    = relayer
            commonName                = http://127.0.0.1:6001
        X509v3 extensions:
            X509v3 Basic Constraints: 
                CA:FALSE
            Netscape Comment: 
                OpenSSL Generated Certificate
            X509v3 Subject Key Identifier: 
                E5:8D:B1:BF:95:87:47:E0:14:80:63:DB:B4:25:9C:18:F3:48:79:AA
            X509v3 Authority Key Identifier: 
                keyid:3C:6E:2A:C8:C7:8A:3B:93:1E:89:17:58:3F:D7:09:E0:A4:40:6F:FF

Certificate is to be certified until Mar 12 15:33:49 2025 GMT (365 days)

Write out database with 1 new entries
Data Base Updated

[2024-03-12 23:33:53,502] root:INFO: Certificate:
    Data:
        Version: 3 (0x2)
        Serial Number: 3 (0x3)
        Signature Algorithm: sha256WithRSAEncryption
        Issuer: C=CN, ST=Hubei, O=CC-ETH-CrossChain, OU=supervisor, CN=http://127.0.0.1:5001
        Validity
            Not Before: Mar 12 15:33:53 2024 GMT
            Not After : Mar 12 15:33:53 2025 GMT
        Subject: C=CN, ST=Hubei, O=CC-ETH-CrossChain, OU=ganache01, CN=4fea6d71a1dc19c29d86818ba6f2fa08d9884f15bf2d25e7fbf86a52bb00a98f
        Subject Public Key Info:
            Public Key Algorithm: rsaEncryption
                RSA Public-Key: (2048 bit)
                Modulus:
                    00:c3:bf:d2:e3:da:0a:26:88:a4:6d:b2:27:66:0f:
                    78:db:15:49:57:a0:5a:12:dd:6b:99:8d:06:f9:96:
                    99:2d:4f:29:c0:30:2e:26:e0:d3:84:a4:3c:81:00:
                    3c:d1:74:fc:ba:3d:5c:7c:94:08:1a:26:13:67:f4:
                    c2:2f:7c:4c:11:03:9b:3d:9e:cd:52:03:a0:2f:0b:
                    82:ea:ed:3f:be:41:79:df:3c:cd:de:d6:b2:4b:4b:
                    66:fa:f8:3f:1a:18:4c:98:b6:58:f6:47:cc:b5:1e:
                    8e:df:c7:cc:bb:80:5e:b6:d2:fb:02:f7:53:1b:b4:
                    fe:25:9e:9b:b1:9a:03:4e:a2:20:06:2b:16:e7:1b:
                    0e:71:bc:b0:1b:15:7e:e3:97:7f:bb:2e:9e:07:c0:
                    a6:11:45:4e:a5:d2:d7:64:76:1b:4a:7c:1a:0a:58:
                    d4:78:f2:fc:f5:ef:cf:47:63:b2:80:34:e1:85:bf:
                    90:49:35:de:67:2d:ff:28:3e:72:44:06:8a:be:61:
                    c1:42:8f:a3:f4:cb:06:26:26:70:73:56:cb:3c:bc:
                    5f:06:ae:5c:03:62:f0:d5:29:56:ab:53:d9:fd:f4:
                    c8:31:fd:3c:d6:eb:87:21:89:cc:27:45:c0:9c:00:
                    6f:eb:33:0a:81:db:a0:0a:e4:d7:ab:5e:18:58:17:
                    02:59
                Exponent: 65537 (0x10001)
        X509v3 extensions:
            X509v3 Basic Constraints: 
                CA:FALSE
            Netscape Comment: 
                OpenSSL Generated Certificate
            X509v3 Subject Key Identifier: 
                E5:8D:B1:BF:95:87:47:E0:14:80:63:DB:B4:25:9C:18:F3:48:79:AA
            X509v3 Authority Key Identifier: 
                keyid:3C:6E:2A:C8:C7:8A:3B:93:1E:89:17:58:3F:D7:09:E0:A4:40:6F:FF

    Signature Algorithm: sha256WithRSAEncryption
         82:45:11:72:e2:1d:a2:23:ce:ce:3a:30:74:ae:f5:53:67:54:
         be:26:c1:eb:f3:ba:80:7a:31:a4:a2:48:1a:f3:bc:a9:83:15:
         23:26:47:1d:7a:1a:1b:59:13:df:cc:9e:98:30:26:05:36:e4:
         55:de:21:a4:df:38:19:16:67:58:ce:55:db:fb:44:fe:f9:b6:
         92:5b:ae:a8:bc:09:08:02:c9:75:c4:d3:7a:dc:fb:3c:1d:87:
         bf:58:f5:8a:f8:62:5b:5f:33:a8:37:70:4d:f8:a8:c9:f6:86:
         48:e7:05:08:4c:62:4e:66:62:d8:a6:b3:61:99:59:0b:40:19:
         b9:27:e5:fc:65:1a:0b:ec:b4:35:a5:03:6b:cf:e6:85:cd:bb:
         9d:e6:e9:a0:cf:28:96:dd:f4:0f:5f:9d:9f:20:0e:2e:ac:57:
         11:7e:b6:3f:5c:49:f9:2f:c5:71:54:ae:1a:aa:1d:9c:5e:bd:
         7a:08:2f:e6:36:bf:a3:48:23:07:d8:20:7b:6f:09:34:09:a2:
         2c:86:51:02:79:0c:90:ab:9f:34:11:e3:67:f0:9d:1e:70:e9:
         3b:2a:2f:c0:cb:76:d4:e5:95:47:13:1f:1f:70:28:df:c6:3e:
         62:70:90:01:eb:0f:e5:4a:17:59:12:d1:d1:3b:ef:ab:2a:9d:
         74:b9:a5:b8
-----BEGIN CERTIFICATE-----
MIID/TCCAuWgAwIBAgIBAzANBgkqhkiG9w0BAQsFADBuMQswCQYDVQQGEwJDTjEO
MAwGA1UECAwFSHViZWkxGjAYBgNVBAoMEUNDLUVUSC1Dcm9zc0NoYWluMRMwEQYD
VQQLDApzdXBlcnZpc29yMR4wHAYDVQQDDBVodHRwOi8vMTI3LjAuMC4xOjUwMDEw
HhcNMjQwMzEyMTUzMzUzWhcNMjUwMzEyMTUzMzUzWjCBmDELMAkGA1UEBhMCQ04x
DjAMBgNVBAgMBUh1YmVpMRowGAYDVQQKDBFDQy1FVEgtQ3Jvc3NDaGFpbjESMBAG
A1UECwwJZ2FuYWNoZTAxMUkwRwYDVQQDDEA0ZmVhNmQ3MWExZGMxOWMyOWQ4Njgx
OGJhNmYyZmEwOGQ5ODg0ZjE1YmYyZDI1ZTdmYmY4NmE1MmJiMDBhOThmMIIBIjAN
BgkqhkiG9w0BAQEFAAOCAQ8AMIIBCgKCAQEAw7/S49oKJoikbbInZg942xVJV6Ba
Et1rmY0G+ZaZLU8pwDAuJuDThKQ8gQA80XT8uj1cfJQIGiYTZ/TCL3xMEQObPZ7N
UgOgLwuC6u0/vkF53zzN3tayS0tm+vg/GhhMmLZY9kfMtR6O38fMu4BettL7AvdT
G7T+JZ6bsZoDTqIgBisW5xsOcbywGxV+45d/uy6eB8CmEUVOpdLXZHYbSnwaCljU
ePL89e/PR2OygDThhb+QSTXeZy3/KD5yRAaKvmHBQo+j9MsGJiZwc1bLPLxfBq5c
A2Lw1SlWq1PZ/fTIMf081uuHIYnMJ0XAnABv6zMKgdugCuTXq14YWBcCWQIDAQAB
o3sweTAJBgNVHRMEAjAAMCwGCWCGSAGG+EIBDQQfFh1PcGVuU1NMIEdlbmVyYXRl
ZCBDZXJ0aWZpY2F0ZTAdBgNVHQ4EFgQU5Y2xv5WHR+AUgGPbtCWcGPNIeaowHwYD
VR0jBBgwFoAUPG4qyMeKO5MeiRdYP9cJ4KRAb/8wDQYJKoZIhvcNAQELBQADggEB
AIJFEXLiHaIjzs46MHSu9VNnVL4mwevzuoB6MaSiSBrzvKmDFSMmRx16GhtZE9/M
npgwJgU25FXeIaTfOBkWZ1jOVdv7RP75tpJbrqi8CQgCyXXE03rc+zwdh79Y9Yr4
YltfM6g3cE34qMn2hkjnBQhMYk5mYtims2GZWQtAGbkn5fxlGgvstDWlA2vP5oXN
u53m6aDPKJbd9A9fnZ8gDi6sVxF+tj9cSfkvxXFUrhqqHZxevXoIL+Y2v6NIIwfY
IHtvCTQJoiyGUQJ5DJCrnzQR42fwnR5w6TsqL8DLdtTllUcTHx9wKN/GPmJwkAHr
D+VKF1kS0dE776sqnXS5pbg=
-----END CERTIFICATE-----

[2024-03-12 23:33:53,503] root:ERROR: Using configuration from openssl.cnf
Check that the request matches the signature
Signature ok
Certificate Details:
        Serial Number: 3 (0x3)
        Validity
            Not Before: Mar 12 15:33:53 2024 GMT
            Not After : Mar 12 15:33:53 2025 GMT
        Subject:
            countryName               = CN
            stateOrProvinceName       = Hubei
            organizationName          = CC-ETH-CrossChain
            organizationalUnitName    = ganache01
            commonName                = 4fea6d71a1dc19c29d86818ba6f2fa08d9884f15bf2d25e7fbf86a52bb00a98f
        X509v3 extensions:
            X509v3 Basic Constraints: 
                CA:FALSE
            Netscape Comment: 
                OpenSSL Generated Certificate
            X509v3 Subject Key Identifier: 
                E5:8D:B1:BF:95:87:47:E0:14:80:63:DB:B4:25:9C:18:F3:48:79:AA
            X509v3 Authority Key Identifier: 
                keyid:3C:6E:2A:C8:C7:8A:3B:93:1E:89:17:58:3F:D7:09:E0:A4:40:6F:FF

Certificate is to be certified until Mar 12 15:33:53 2025 GMT (365 days)

Write out database with 1 new entries
Data Base Updated

[2024-03-12 23:34:20,673] root:INFO: ------------------
[2024-03-12 23:34:20,673] root:INFO: CA's privkey, csr, cert exist
[2024-03-12 23:34:20,675] waitress:INFO: Serving on http://127.0.0.1:5001
